Determining if the C compiler works failed with the following output:
Change Dir: /home/ti-dsp/projects/filtering/build/CMakeFiles/CMakeTmp

Run Build Command:"/usr/bin/make" "cmTC_5b404/fast"
make: *** No rule to make target 'cmTC_5b404/fast'.  Stop.


Determining if the C compiler works failed with the following output:
Change Dir: /home/ti-dsp/projects/filtering/build/CMakeFiles/CMakeTmp

Run Build Command:"/usr/bin/make" "cmTC_a76c1/fast"
/usr/bin/make -f CMakeFiles/cmTC_a76c1.dir/build.make CMakeFiles/cmTC_a76c1.dir/build
make[1]: Entering directory '/home/ti-dsp/projects/filtering/build/CMakeFiles/CMakeTmp'
CMakeFiles/cmTC_a76c1.dir/build.make:58: CMakeFiles/cmTC_a76c1.dir/progress.make: No such file or directory
CMakeFiles/cmTC_a76c1.dir/build.make:61: CMakeFiles/cmTC_a76c1.dir/flags.make: No such file or directory
make[1]: *** No rule to make target 'CMakeFiles/cmTC_a76c1.dir/flags.make'.  Stop.
make[1]: Leaving directory '/home/ti-dsp/projects/filtering/build/CMakeFiles/CMakeTmp'
Makefile:126: recipe for target 'cmTC_a76c1/fast' failed
make: *** [cmTC_a76c1/fast] Error 2


Determining if the pthread_create exist failed with the following output:
Change Dir: /home/ti-dsp/projects/filtering/build/CMakeFiles/CMakeTmp

Run Build Command:"/usr/bin/make" "cmTC_59d11/fast"
/usr/bin/make -f CMakeFiles/cmTC_59d11.dir/build.make CMakeFiles/cmTC_59d11.dir/build
make[1]: Entering directory '/home/ti-dsp/projects/filtering/build/CMakeFiles/CMakeTmp'
Building C object CMakeFiles/cmTC_59d11.dir/CheckSymbolExists.c.o
/usr/bin/cc     -o CMakeFiles/cmTC_59d11.dir/CheckSymbolExists.c.o   -c /home/ti-dsp/projects/filtering/build/CMakeFiles/CMakeTmp/CheckSymbolExists.c
Linking C executable cmTC_59d11
/usr/bin/cmake -E cmake_link_script CMakeFiles/cmTC_59d11.dir/link.txt --verbose=1
/usr/bin/cc       CMakeFiles/cmTC_59d11.dir/CheckSymbolExists.c.o  -o cmTC_59d11 -rdynamic 
CMakeFiles/cmTC_59d11.dir/CheckSymbolExists.c.o: In function `main':
CheckSymbolExists.c:(.text+0xe): undefined reference to `pthread_create'
CheckSymbolExists.c:(.text+0x12): undefined reference to `pthread_create'
collect2: error: ld returned 1 exit status
CMakeFiles/cmTC_59d11.dir/build.make:97: recipe for target 'cmTC_59d11' failed
make[1]: *** [cmTC_59d11] Error 1
make[1]: Leaving directory '/home/ti-dsp/projects/filtering/build/CMakeFiles/CMakeTmp'
Makefile:126: recipe for target 'cmTC_59d11/fast' failed
make: *** [cmTC_59d11/fast] Error 2

File /home/ti-dsp/projects/filtering/build/CMakeFiles/CMakeTmp/CheckSymbolExists.c:
/* */
#include <pthread.h>

int main(int argc, char** argv)
{
  (void)argv;
#ifndef pthread_create
  return ((int*)(&pthread_create))[argc];
#else
  (void)argc;
  return 0;
#endif
}

Determining if the function pthread_create exists in the pthreads failed with the following output:
Change Dir: /home/ti-dsp/projects/filtering/build/CMakeFiles/CMakeTmp

Run Build Command:"/usr/bin/make" "cmTC_5dac6/fast"
/usr/bin/make -f CMakeFiles/cmTC_5dac6.dir/build.make CMakeFiles/cmTC_5dac6.dir/build
make[1]: Entering directory '/home/ti-dsp/projects/filtering/build/CMakeFiles/CMakeTmp'
Building C object CMakeFiles/cmTC_5dac6.dir/CheckFunctionExists.c.o
/usr/bin/cc    -DCHECK_FUNCTION_EXISTS=pthread_create   -o CMakeFiles/cmTC_5dac6.dir/CheckFunctionExists.c.o   -c /usr/share/cmake-3.5/Modules/CheckFunctionExists.c
Linking C executable cmTC_5dac6
/usr/bin/cmake -E cmake_link_script CMakeFiles/cmTC_5dac6.dir/link.txt --verbose=1
/usr/bin/cc   -DCHECK_FUNCTION_EXISTS=pthread_create    CMakeFiles/cmTC_5dac6.dir/CheckFunctionExists.c.o  -o cmTC_5dac6 -rdynamic -lpthreads 
/usr/bin/ld: cannot find -lpthreads
collect2: error: ld returned 1 exit status
CMakeFiles/cmTC_5dac6.dir/build.make:97: recipe for target 'cmTC_5dac6' failed
make[1]: *** [cmTC_5dac6] Error 1
make[1]: Leaving directory '/home/ti-dsp/projects/filtering/build/CMakeFiles/CMakeTmp'
Makefile:126: recipe for target 'cmTC_5dac6/fast' failed
make: *** [cmTC_5dac6/fast] Error 2


